  AnimeInfo.cpp
AnimeInfo.obj : error LNK2019: unresolved external symbol "__declspec(dllimport) public: __cdecl sf::String::String(void)" (__imp_??0String@sf@@QEAA@XZ) referenced in function main
AnimeInfo.obj : error LNK2019: unresolved external symbol "__declspec(dllimport) public: __cdecl sf::String::String(unsigned int)" (__imp_??0String@sf@@QEAA@I@Z) referenced in function main
AnimeInfo.obj : error LNK2019: unresolved external symbol "__declspec(dllimport) public: __cdecl sf::String::String(char const *,class std::locale const &)" (__imp_??0String@sf@@QEAA@PEBDAEBVlocale@std@@@Z) referenced in function main
AnimeInfo.obj : error LNK2019: unresolved external symbol "__declspec(dllimport) public: class sf::String & __cdecl sf::String::operator+=(class sf::String const &)" (__imp_??YString@sf@@QEAAAEAV01@AEBV01@@Z) referenced in function main
AnimeInfo.obj : error LNK2019: unresolved external symbol "__declspec(dllimport) public: __cdecl sf::String::~String(void)" (__imp_??1String@sf@@QEAA@XZ) referenced in function main
AnimeInfo.obj : error LNK2019: unresolved external symbol "__declspec(dllimport) public: static class sf::Vector2<int> __cdecl sf::Mouse::getPosition(class sf::Window const &)" (__imp_?getPosition@Mouse@sf@@SA?AV?$Vector2@H@2@AEBVWindow@2@@Z) referenced in function main
AnimeInfo.obj : error LNK2019: unresolved external symbol "__declspec(dllimport) public: __cdecl sf::VideoMode::VideoMode(unsigned int,unsigned int,unsigned int)" (__imp_??0VideoMode@sf@@QEAA@III@Z) referenced in function main
AnimeInfo.obj : error LNK2019: unresolved external symbol "__declspec(dllimport) public: void __cdecl sf::Window::close(void)" (__imp_?close@Window@sf@@QEAAXXZ) referenced in function main
AnimeInfo.obj : error LNK2019: unresolved external symbol "__declspec(dllimport) public: bool __cdecl sf::Window::isOpen(void)const " (__imp_?isOpen@Window@sf@@QEBA_NXZ) referenced in function main
AnimeInfo.obj : error LNK2019: unresolved external symbol "__declspec(dllimport) public: bool __cdecl sf::Window::pollEvent(class sf::Event &)" (__imp_?pollEvent@Window@sf@@QEAA_NAEAVEvent@2@@Z) referenced in function main
AnimeInfo.obj : error LNK2019: unresolved external symbol "__declspec(dllimport) public: void __cdecl sf::Window::display(void)" (__imp_?display@Window@sf@@QEAAXXZ) referenced in function main
AnimeInfo.obj : error LNK2019: unresolved external symbol "__declspec(dllimport) public: void __cdecl sf::Transformable::setPosition(float,float)" (__imp_?setPosition@Transformable@sf@@QEAAXMM@Z) referenced in function main
AnimeInfo.obj : error LNK2019: unresolved external symbol "__declspec(dllimport) public: __cdecl sf::Color::Color(unsigned char,unsigned char,unsigned char,unsigned char)" (__imp_??0Color@sf@@QEAA@EEEE@Z) referenced in function main
AnimeInfo.obj : error LNK2019: unresolved external symbol "__declspec(dllimport) public: void __cdecl sf::Shape::setFillColor(class sf::Color const &)" (__imp_?setFillColor@Shape@sf@@QEAAXAEBVColor@2@@Z) referenced in function main
AnimeInfo.obj : error LNK2019: unresolved external symbol "__declspec(dllimport) public: void __cdecl sf::Shape::setOutlineColor(class sf::Color const &)" (__imp_?setOutlineColor@Shape@sf@@QEAAXAEBVColor@2@@Z) referenced in function main
AnimeInfo.obj : error LNK2019: unresolved external symbol "__declspec(dllimport) public: void __cdecl sf::Shape::setOutlineThickness(float)" (__imp_?setOutlineThickness@Shape@sf@@QEAAXM@Z) referenced in function main
AnimeInfo.obj : error LNK2019: unresolved external symbol "__declspec(dllimport) public: class sf::Rect<float> __cdecl sf::Shape::getGlobalBounds(void)const " (__imp_?getGlobalBounds@Shape@sf@@QEBA?AV?$Rect@M@2@XZ) referenced in function main
AnimeInfo.obj : error LNK2019: unresolved external symbol "__declspec(dllimport) public: __cdecl sf::Font::Font(void)" (__imp_??0Font@sf@@QEAA@XZ) referenced in function main
AnimeInfo.obj : error LNK2019: unresolved external symbol "__declspec(dllimport) public: __cdecl sf::Font::~Font(void)" (__imp_??1Font@sf@@QEAA@XZ) referenced in function main
AnimeInfo.obj : error LNK2019: unresolved external symbol "__declspec(dllimport) public: bool __cdecl sf::Font::loadFromFile(class std::basic_string<char,struct std::char_traits<char>,class std::allocator<char> > const &)" (__imp_?loadFromFile@Font@sf@@QEAA_NAEBV?$basic_string@DU?$char_traits@D@std@@V?$allocator@D@2@@std@@@Z) referenced in function main
AnimeInfo.obj : error LNK2019: unresolved external symbol "__declspec(dllimport) public: __cdecl sf::RectangleShape::RectangleShape(class sf::Vector2<float> const &)" (__imp_??0RectangleShape@sf@@QEAA@AEBV?$Vector2@M@1@@Z) referenced in function main
AnimeInfo.obj : error LNK2019: unresolved external symbol "__declspec(dllimport) public: virtual __cdecl sf::RectangleShape::~RectangleShape(void)" (__imp_??1RectangleShape@sf@@UEAA@XZ) referenced in function main
AnimeInfo.obj : error LNK2019: unresolved external symbol "__declspec(dllimport) public: void __cdecl sf::RenderTarget::clear(class sf::Color const &)" (__imp_?clear@RenderTarget@sf@@QEAAXAEBVColor@2@@Z) referenced in function main
AnimeInfo.obj : error LNK2019: unresolved external symbol "__declspec(dllimport) public: class sf::Vector2<float> __cdecl sf::RenderTarget::mapPixelToCoords(class sf::Vector2<int> const &)const " (__imp_?mapPixelToCoords@RenderTarget@sf@@QEBA?AV?$Vector2@M@2@AEBV?$Vector2@H@2@@Z) referenced in function main
AnimeInfo.obj : error LNK2019: unresolved external symbol "__declspec(dllimport) public: void __cdecl sf::RenderTarget::draw(class sf::Drawable const &,class sf::RenderStates const &)" (__imp_?draw@RenderTarget@sf@@QEAAXAEBVDrawable@2@AEBVRenderStates@2@@Z) referenced in function main
AnimeInfo.obj : error LNK2019: unresolved external symbol "__declspec(dllimport) public: __cdecl sf::RenderWindow::RenderWindow(class sf::VideoMode,class sf::String const &,unsigned int,struct sf::ContextSettings const &)" (__imp_??0RenderWindow@sf@@QEAA@VVideoMode@1@AEBVString@1@IAEBUContextSettings@1@@Z) referenced in function main
AnimeInfo.obj : error LNK2019: unresolved external symbol "__declspec(dllimport) public: virtual __cdecl sf::RenderWindow::~RenderWindow(void)" (__imp_??1RenderWindow@sf@@UEAA@XZ) referenced in function main
AnimeInfo.obj : error LNK2019: unresolved external symbol "__declspec(dllimport) public: __cdecl sf::Text::Text(void)" (__imp_??0Text@sf@@QEAA@XZ) referenced in function main
AnimeInfo.obj : error LNK2019: unresolved external symbol "__declspec(dllimport) public: void __cdecl sf::Text::setString(class sf::String const &)" (__imp_?setString@Text@sf@@QEAAXAEBVString@2@@Z) referenced in function main
AnimeInfo.obj : error LNK2019: unresolved external symbol "__declspec(dllimport) public: void __cdecl sf::Text::setFont(class sf::Font const &)" (__imp_?setFont@Text@sf@@QEAAXAEBVFont@2@@Z) referenced in function main
AnimeInfo.obj : error LNK2019: unresolved external symbol "__declspec(dllimport) public: void __cdecl sf::Text::setCharacterSize(unsigned int)" (__imp_?setCharacterSize@Text@sf@@QEAAXI@Z) referenced in function main
AnimeInfo.obj : error LNK2019: unresolved external symbol "__declspec(dllimport) public: void __cdecl sf::Text::setStyle(unsigned int)" (__imp_?setStyle@Text@sf@@QEAAXI@Z) referenced in function main
AnimeInfo.obj : error LNK2019: unresolved external symbol "__declspec(dllimport) public: void __cdecl sf::Text::setFillColor(class sf::Color const &)" (__imp_?setFillColor@Text@sf@@QEAAXAEBVColor@2@@Z) referenced in function main
AnimeInfo.obj : error LNK2019: unresolved external symbol "__declspec(dllimport) public: virtual __cdecl sf::Text::~Text(void)" (__imp_??1Text@sf@@UEAA@XZ) referenced in function main
AnimeInfo.obj : error LNK2019: unresolved external symbol "public: __cdecl cpr::Session::Session(void)" (??0Session@cpr@@QEAA@XZ) referenced in function "class cpr::Response __cdecl cpr::Get<class cpr::Url>(class cpr::Url &&)" (??$Get@VUrl@cpr@@@cpr@@YA?AVResponse@0@$$QEAVUrl@0@@Z)
AnimeInfo.obj : error LNK2019: unresolved external symbol "public: __cdecl cpr::Session::~Session(void)" (??1Session@cpr@@QEAA@XZ) referenced in function "class cpr::Response __cdecl cpr::Get<class cpr::Url>(class cpr::Url &&)" (??$Get@VUrl@cpr@@@cpr@@YA?AVResponse@0@$$QEAVUrl@0@@Z)
AnimeInfo.obj : error LNK2019: unresolved external symbol "public: void __cdecl cpr::Session::SetOption(class cpr::Url const &)" (?SetOption@Session@cpr@@QEAAXAEBVUrl@2@@Z) referenced in function "void __cdecl cpr::priv::set_option<class cpr::Url>(class cpr::Session &,class cpr::Url &&)" (??$set_option@VUrl@cpr@@@priv@cpr@@YAXAEAVSession@1@$$QEAVUrl@1@@Z)
AnimeInfo.obj : error LNK2019: unresolved external symbol "public: class cpr::Response __cdecl cpr::Session::Get(void)" (?Get@Session@cpr@@QEAA?AVResponse@2@XZ) referenced in function "class cpr::Response __cdecl cpr::Get<class cpr::Url>(class cpr::Url &&)" (??$Get@VUrl@cpr@@@cpr@@YA?AVResponse@0@$$QEAVUrl@0@@Z)
AnimeInfo.obj : error LNK2019: unresolved external symbol "__declspec(dllimport) public: static class sf::RenderStates const sf::RenderStates::Default" (__imp_?Default@RenderStates@sf@@2V12@B) referenced in function main
AnimeInfo.obj : error LNK2019: unresolved external symbol "__declspec(dllimport) public: static class sf::Color const sf::Color::White" (__imp_?White@Color@sf@@2V12@B) referenced in function main
C:\Users\Qrow\Desktop\SFML-2.5.1\lib\sfml-graphics-d.lib : warning LNK4272: library machine type 'x86' conflicts with target machine type 'x64'
C:\Users\Qrow\Desktop\SFML-2.5.1\lib\sfml-window-d.lib : warning LNK4272: library machine type 'x86' conflicts with target machine type 'x64'
C:\Users\Qrow\Desktop\SFML-2.5.1\lib\sfml-system-d.lib : warning LNK4272: library machine type 'x86' conflicts with target machine type 'x64'
C:\Users\Qrow\source\repos\AnimeInfo\x64\Debug\AnimeInfo.exe : fatal error LNK1120: 40 unresolved externals
